<?xml version="1.0" encoding="UTF-8"?>
<coverage generated="1651874068479" clover="3.2.0">
  <project timestamp="1651874068479" name="All files">
    <metrics statements="49" coveredstatements="45" conditionals="3" coveredconditionals="1" methods="18" coveredmethods="16" elements="70" coveredelements="62" complexity="0" loc="49" ncloc="49" packages="5" files="6" classes="6"/>
    <package name="application.mock.user">
      <metrics statements="9" coveredstatements="8" conditionals="1" coveredconditionals="0" methods="3" coveredmethods="3"/>
      <file name="adapter.ts" path="/home/ranelcom/workspace/entel_ocean/onboarding/clean-arch/ejemplo-typegraphql/src/application/mock/user/adapter.ts">
        <metrics statements="9" coveredstatements="8" conditionals="1" coveredconditionals="0" methods="3" coveredmethods="3"/>
        <line num="5" count="1" type="stmt"/>
        <line num="11" count="1" type="stmt"/>
        <line num="12" count="1" type="stmt"/>
        <line num="15" count="1" type="stmt"/>
        <line num="16" count="1" type="stmt"/>
        <line num="17" count="1" type="cond" truecount="0" falsecount="1"/>
        <line num="18" count="0" type="stmt"/>
        <line num="20" count="1" type="stmt"/>
        <line num="22" count="1" type="stmt"/>
      </file>
    </package>
    <package name="application.user-case.user">
      <metrics statements="9" coveredstatements="9" conditionals="1" coveredconditionals="1" methods="3" coveredmethods="3"/>
      <file name="index.ts" path="/home/ranelcom/workspace/entel_ocean/onboarding/clean-arch/ejemplo-typegraphql/src/application/user-case/user/index.ts">
        <metrics statements="2" coveredstatements="2" conditionals="0" coveredconditionals="0" methods="0" coveredmethods="0"/>
        <line num="1" count="1" type="stmt"/>
        <line num="3" count="1" type="stmt"/>
      </file>
      <file name="user.ts" path="/home/ranelcom/workspace/entel_ocean/onboarding/clean-arch/ejemplo-typegraphql/src/application/user-case/user/user.ts">
        <metrics statements="7" coveredstatements="7" conditionals="1" coveredconditionals="1" methods="3" coveredmethods="3"/>
        <line num="5" count="1" type="stmt"/>
        <line num="11" count="2" type="cond" truecount="1" falsecount="0"/>
        <line num="12" count="1" type="stmt"/>
        <line num="14" count="1" type="stmt"/>
        <line num="17" count="1" type="stmt"/>
        <line num="18" count="1" type="stmt"/>
        <line num="20" count="1" type="stmt"/>
      </file>
    </package>
    <package name="infrastructure.adapter.typeorm">
      <metrics statements="11" coveredstatements="9" conditionals="0" coveredconditionals="0" methods="7" coveredmethods="5"/>
      <file name="connection.mock.ts" path="/home/ranelcom/workspace/entel_ocean/onboarding/clean-arch/ejemplo-typegraphql/src/infrastructure/adapter/typeorm/connection.mock.ts">
        <metrics statements="11" coveredstatements="9" conditionals="0" coveredconditionals="0" methods="7" coveredmethods="5"/>
        <line num="5" count="1" type="stmt"/>
        <line num="9" count="1" type="stmt"/>
        <line num="10" count="1" type="stmt"/>
        <line num="12" count="0" type="stmt"/>
        <line num="17" count="1" type="stmt"/>
        <line num="18" count="1" type="stmt"/>
        <line num="21" count="1" type="stmt"/>
        <line num="22" count="1" type="stmt"/>
        <line num="25" count="1" type="stmt"/>
        <line num="26" count="0" type="stmt"/>
        <line num="28" count="1" type="stmt"/>
      </file>
    </package>
    <package name="infrastructure.adapter.typeorm.entity">
      <metrics statements="8" coveredstatements="8" conditionals="0" coveredconditionals="0" methods="1" coveredmethods="1"/>
      <file name="user.ts" path="/home/ranelcom/workspace/entel_ocean/onboarding/clean-arch/ejemplo-typegraphql/src/infrastructure/adapter/typeorm/entity/user.ts">
        <metrics statements="8" coveredstatements="8" conditionals="0" coveredconditionals="0" methods="1" coveredmethods="1"/>
        <line num="1" count="1" type="stmt"/>
        <line num="6" count="1" type="stmt"/>
        <line num="8" count="1" type="stmt"/>
        <line num="11" count="1" type="stmt"/>
        <line num="14" count="1" type="stmt"/>
        <line num="17" count="1" type="stmt"/>
        <line num="20" count="1" type="stmt"/>
        <line num="21" count="1" type="stmt"/>
      </file>
    </package>
    <package name="infrastructure.adapter.typeorm.repository">
      <metrics statements="12" coveredstatements="11" conditionals="1" coveredconditionals="0" methods="4" coveredmethods="4"/>
      <file name="user.ts" path="/home/ranelcom/workspace/entel_ocean/onboarding/clean-arch/ejemplo-typegraphql/src/infrastructure/adapter/typeorm/repository/user.ts">
        <metrics statements="12" coveredstatements="11" conditionals="1" coveredconditionals="0" methods="4" coveredmethods="4"/>
        <line num="3" count="1" type="stmt"/>
        <line num="8" count="1" type="stmt"/>
        <line num="14" count="1" type="cond" truecount="0" falsecount="1"/>
        <line num="15" count="0" type="stmt"/>
        <line num="17" count="1" type="stmt"/>
        <line num="20" count="1" type="stmt"/>
        <line num="21" count="1" type="stmt"/>
        <line num="24" count="1" type="stmt"/>
        <line num="25" count="1" type="stmt"/>
        <line num="26" count="1" type="stmt"/>
        <line num="27" count="1" type="stmt"/>
        <line num="29" count="1" type="stmt"/>
      </file>
    </package>
  </project>
</coverage>
