TN:
SF:src/application/mock/user/adapter.ts
FN:5,(anonymous_15)
FN:10,default_1
FN:15,(anonymous_17)
FNF:3
FNH:3
FNDA:1,(anonymous_15)
FNDA:1,default_1
FNDA:1,(anonymous_17)
DA:5,1
DA:11,1
DA:12,1
DA:15,1
DA:16,1
DA:17,1
DA:18,0
DA:20,1
DA:22,1
LF:9
LH:8
BRDA:17,0,0,0
BRF:1
BRH:0
end_of_record
TN:
SF:src/application/user-case/user/index.ts
FNF:0
FNH:0
DA:1,1
DA:3,1
LF:2
LH:2
BRF:0
BRH:0
end_of_record
TN:
SF:src/application/user-case/user/user.ts
FN:5,(anonymous_13)
FN:8,default_1
FN:17,(anonymous_15)
FNF:3
FNH:3
FNDA:1,(anonymous_13)
FNDA:2,default_1
FNDA:1,(anonymous_15)
DA:5,1
DA:11,2
DA:12,1
DA:14,1
DA:17,1
DA:18,1
DA:20,1
LF:7
LH:7
BRDA:11,0,0,1
BRF:1
BRH:1
end_of_record
TN:
SF:src/infrastructure/adapter/typeorm/connection.mock.ts
FN:5,(anonymous_13)
FN:8,MockConnection
FN:10,(anonymous_15)
FN:12,(anonymous_16)
FN:17,(anonymous_17)
FN:21,(anonymous_20)
FN:25,(anonymous_21)
FNF:7
FNH:5
FNDA:1,(anonymous_13)
FNDA:1,MockConnection
FNDA:1,(anonymous_15)
FNDA:0,(anonymous_16)
FNDA:1,(anonymous_17)
FNDA:1,(anonymous_20)
FNDA:0,(anonymous_21)
DA:5,1
DA:9,1
DA:10,1
DA:12,0
DA:17,1
DA:18,1
DA:21,1
DA:22,1
DA:25,1
DA:26,0
DA:28,1
LF:11
LH:9
BRF:0
BRH:0
end_of_record
TN:
SF:src/infrastructure/adapter/typeorm/entity/user.ts
FN:6,(anonymous_8)
FNF:1
FNH:1
FNDA:2,(anonymous_8)
DA:1,1
DA:6,1
DA:8,1
DA:11,1
DA:14,1
DA:17,1
DA:20,1
DA:21,1
LF:8
LH:8
BRF:0
BRH:0
end_of_record
TN:
SF:src/infrastructure/adapter/typeorm/repository/user.ts
FN:8,(anonymous_14)
FN:13,default_1
FN:20,(anonymous_16)
FN:24,(anonymous_19)
FNF:4
FNH:4
FNDA:1,(anonymous_14)
FNDA:1,default_1
FNDA:1,(anonymous_16)
FNDA:1,(anonymous_19)
DA:3,1
DA:8,1
DA:14,1
DA:15,0
DA:17,1
DA:20,1
DA:21,1
DA:24,1
DA:25,1
DA:26,1
DA:27,1
DA:29,1
LF:12
LH:11
BRDA:14,0,0,0
BRF:1
BRH:0
end_of_record
